<?xml version="1.0" encoding="UTF-8"?>
<!-- Generated by org.testng.reporters.JUnitReportReporter -->
<testsuite hostname="DESKTOP-KE5AITE" failures="0" tests="3" name="com.crm.qa.testcases.FreeCRMHomePageTest" time="30.475" errors="0" timestamp="2022-07-05T20:35:51 IST" skipped="0">
  <testcase classname="com.crm.qa.testcases.FreeCRMHomePageTest" name="validateFreeCRMPageTitleTest" time="9.852"/>
  <system-out/>
  <testcase classname="com.crm.qa.testcases.FreeCRMHomePageTest" name="validateCRMImageTest" time="8.542"/>
  <system-out/>
  <testcase classname="com.crm.qa.testcases.FreeCRMHomePageTest" name="clickOnLoginButtonTest" time="12.081"/>
  <system-out/>
</testsuite> <!-- com.crm.qa.testcases.FreeCRMHomePageTest -->
